Determining if the pthread_create exist failed with the following output:
Change Dir: /home/yanlei/note/c++/src/c++/LearningProtobuf/TutorialDemo/build/CMakeFiles/CMakeTmp

Run Build Command:"/usr/bin/make" "cmTC_238c0/fast"
/usr/bin/make -f CMakeFiles/cmTC_238c0.dir/build.make CMakeFiles/cmTC_238c0.dir/build
make[1]: 进入目录“/home/yanlei/note/c++/src/c++/LearningProtobuf/TutorialDemo/build/CMakeFiles/CMakeTmp”
Building C object CMakeFiles/cmTC_238c0.dir/CheckSymbolExists.c.o
/usr/bin/cc    -o CMakeFiles/cmTC_238c0.dir/CheckSymbolExists.c.o   -c /home/yanlei/note/c++/src/c++/LearningProtobuf/TutorialDemo/build/CMakeFiles/CMakeTmp/CheckSymbolExists.c
Linking C executable cmTC_238c0
/usr/bin/cmake -E cmake_link_script CMakeFiles/cmTC_238c0.dir/link.txt --verbose=1
/usr/bin/cc      -rdynamic CMakeFiles/cmTC_238c0.dir/CheckSymbolExists.c.o  -o cmTC_238c0 
CMakeFiles/cmTC_238c0.dir/CheckSymbolExists.c.o：在函数‘main’中：
CheckSymbolExists.c:(.text+0x1b)：对‘pthread_create’未定义的引用
collect2: error: ld returned 1 exit status
CMakeFiles/cmTC_238c0.dir/build.make:97: recipe for target 'cmTC_238c0' failed
make[1]: *** [cmTC_238c0] Error 1
make[1]: 离开目录“/home/yanlei/note/c++/src/c++/LearningProtobuf/TutorialDemo/build/CMakeFiles/CMakeTmp”
Makefile:126: recipe for target 'cmTC_238c0/fast' failed
make: *** [cmTC_238c0/fast] Error 2

File /home/yanlei/note/c++/src/c++/LearningProtobuf/TutorialDemo/build/CMakeFiles/CMakeTmp/CheckSymbolExists.c:
/* */
#include <pthread.h>

int main(int argc, char** argv)
{
  (void)argv;
#ifndef pthread_create
  return ((int*)(&pthread_create))[argc];
#else
  (void)argc;
  return 0;
#endif
}

Determining if the function pthread_create exists in the pthreads failed with the following output:
Change Dir: /home/yanlei/note/c++/src/c++/LearningProtobuf/TutorialDemo/build/CMakeFiles/CMakeTmp

Run Build Command:"/usr/bin/make" "cmTC_cb1d6/fast"
/usr/bin/make -f CMakeFiles/cmTC_cb1d6.dir/build.make CMakeFiles/cmTC_cb1d6.dir/build
make[1]: 进入目录“/home/yanlei/note/c++/src/c++/LearningProtobuf/TutorialDemo/build/CMakeFiles/CMakeTmp”
Building C object CMakeFiles/cmTC_cb1d6.dir/CheckFunctionExists.c.o
/usr/bin/cc   -DCHECK_FUNCTION_EXISTS=pthread_create   -o CMakeFiles/cmTC_cb1d6.dir/CheckFunctionExists.c.o   -c /usr/share/cmake-3.10/Modules/CheckFunctionExists.c
Linking C executable cmTC_cb1d6
/usr/bin/cmake -E cmake_link_script CMakeFiles/cmTC_cb1d6.dir/link.txt --verbose=1
/usr/bin/cc  -DCHECK_FUNCTION_EXISTS=pthread_create    -rdynamic CMakeFiles/cmTC_cb1d6.dir/CheckFunctionExists.c.o  -o cmTC_cb1d6 -lpthreads 
/usr/bin/ld: 找不到 -lpthreads
collect2: error: ld returned 1 exit status
CMakeFiles/cmTC_cb1d6.dir/build.make:97: recipe for target 'cmTC_cb1d6' failed
make[1]: *** [cmTC_cb1d6] Error 1
make[1]: 离开目录“/home/yanlei/note/c++/src/c++/LearningProtobuf/TutorialDemo/build/CMakeFiles/CMakeTmp”
Makefile:126: recipe for target 'cmTC_cb1d6/fast' failed
make: *** [cmTC_cb1d6/fast] Error 2


